TN:
SF:src/core/apiClient.js
FN:7,(anonymous_0)
FN:7,(anonymous_1)
FN:10,(anonymous_2)
FN:21,(anonymous_3)
FN:25,(anonymous_4)
FN:60,(anonymous_5)
FN:98,(anonymous_6)
FN:181,(anonymous_7)
FN:204,(anonymous_8)
FN:261,(anonymous_9)
FN:285,(anonymous_10)
FNF:11
FNH:0
FNDA:0,(anonymous_0)
FNDA:0,(anonymous_1)
FNDA:0,(anonymous_2)
FNDA:0,(anonymous_3)
FNDA:0,(anonymous_4)
FNDA:0,(anonymous_5)
FNDA:0,(anonymous_6)
FNDA:0,(anonymous_7)
FNDA:0,(anonymous_8)
FNDA:0,(anonymous_9)
FNDA:0,(anonymous_10)
DA:1,0
DA:3,0
DA:4,0
DA:5,0
DA:7,0
DA:11,0
DA:12,0
DA:13,0
DA:14,0
DA:15,0
DA:22,0
DA:26,0
DA:27,0
DA:30,0
DA:31,0
DA:32,0
DA:33,0
DA:37,0
DA:44,0
DA:48,0
DA:49,0
DA:50,0
DA:53,0
DA:54,0
DA:55,0
DA:57,0
DA:61,0
DA:63,0
DA:65,0
DA:66,0
DA:67,0
DA:70,0
DA:71,0
DA:74,0
DA:75,0
DA:76,0
DA:77,0
DA:78,0
DA:80,0
DA:81,0
DA:82,0
DA:83,0
DA:84,0
DA:86,0
DA:87,0
DA:88,0
DA:89,0
DA:91,0
DA:95,0
DA:99,0
DA:101,0
DA:102,0
DA:104,0
DA:106,0
DA:107,0
DA:114,0
DA:115,0
DA:116,0
DA:117,0
DA:118,0
DA:121,0
DA:126,0
DA:127,0
DA:128,0
DA:135,0
DA:138,0
DA:144,0
DA:145,0
DA:148,0
DA:149,0
DA:150,0
DA:151,0
DA:153,0
DA:154,0
DA:157,0
DA:164,0
DA:182,0
DA:205,0
DA:262,0
DA:286,0
DA:290,0
DA:294,0
LF:82
LH:0
BRDA:22,0,0,0
BRDA:22,0,1,0
BRDA:25,1,0,0
BRDA:26,2,0,0
BRDA:26,2,1,0
BRDA:30,3,0,0
BRDA:30,3,1,0
BRDA:30,4,0,0
BRDA:30,4,1,0
BRDA:30,4,2,0
BRDA:32,5,0,0
BRDA:32,5,1,0
BRDA:49,6,0,0
BRDA:49,6,1,0
BRDA:54,7,0,0
BRDA:54,7,1,0
BRDA:60,8,0,0
BRDA:70,9,0,0
BRDA:70,9,1,0
BRDA:70,10,0,0
BRDA:70,10,1,0
BRDA:75,11,0,0
BRDA:75,11,1,0
BRDA:75,12,0,0
BRDA:75,12,1,0
BRDA:80,13,0,0
BRDA:80,13,1,0
BRDA:80,14,0,0
BRDA:80,14,1,0
BRDA:81,15,0,0
BRDA:81,15,1,0
BRDA:86,16,0,0
BRDA:86,16,1,0
BRDA:86,17,0,0
BRDA:86,17,1,0
BRDA:86,17,2,0
BRDA:98,18,0,0
BRDA:101,19,0,0
BRDA:115,20,0,0
BRDA:115,20,1,0
BRDA:115,20,2,0
BRDA:116,21,0,0
BRDA:116,21,1,0
BRDA:126,22,0,0
BRDA:126,22,1,0
BRDA:126,23,0,0
BRDA:126,23,1,0
BRDA:126,23,2,0
BRDA:135,24,0,0
BRDA:135,24,1,0
BRDA:135,24,2,0
BRDA:141,25,0,0
BRDA:141,25,1,0
BRDA:142,26,0,0
BRDA:142,26,1,0
BRDA:144,27,0,0
BRDA:144,27,1,0
BRDA:148,28,0,0
BRDA:148,28,1,0
BRDA:149,29,0,0
BRDA:149,29,1,0
BRDA:150,30,0,0
BRDA:150,30,1,0
BRDA:151,31,0,0
BRDA:151,31,1,0
BRDA:153,32,0,0
BRDA:153,32,1,0
BRDA:153,33,0,0
BRDA:153,33,1,0
BRDA:181,34,0,0
BRDA:181,35,0,0
BRDA:181,36,0,0
BRDA:204,37,0,0
BRDA:204,38,0,0
BRDA:204,39,0,0
BRDA:261,40,0,0
BRDA:261,41,0,0
BRDA:261,42,0,0
BRF:78
BRH:0
end_of_record
TN:
SF:src/core/database.js
FN:6,(anonymous_0)
FN:14,(anonymous_1)
FN:161,(anonymous_2)
FN:268,(anonymous_3)
FN:271,(anonymous_4)
FN:290,(anonymous_5)
FN:308,(anonymous_6)
FN:312,(anonymous_7)
FN:341,(anonymous_8)
FN:360,(anonymous_9)
FN:372,(anonymous_10)
FN:377,(anonymous_11)
FN:394,(anonymous_12)
FN:401,(anonymous_13)
FN:407,(anonymous_14)
FN:520,(anonymous_15)
FN:551,(anonymous_16)
FN:607,(anonymous_17)
FN:608,(anonymous_18)
FN:614,(anonymous_19)
FN:647,(anonymous_20)
FN:648,(anonymous_21)
FN:655,(anonymous_22)
FN:655,(anonymous_23)
FN:660,(anonymous_24)
FN:667,(anonymous_25)
FN:670,(anonymous_26)
FN:705,(anonymous_27)
FN:706,(anonymous_28)
FN:711,(anonymous_29)
FN:732,(anonymous_30)
FN:733,(anonymous_31)
FN:739,(anonymous_32)
FN:739,(anonymous_33)
FN:744,(anonymous_34)
FN:751,(anonymous_35)
FN:754,(anonymous_36)
FN:779,(anonymous_37)
FN:780,(anonymous_38)
FN:785,(anonymous_39)
FN:785,(anonymous_40)
FN:790,(anonymous_41)
FN:794,(anonymous_42)
FN:799,(anonymous_43)
FN:826,(anonymous_44)
FN:829,(anonymous_45)
FN:834,(anonymous_46)
FN:835,(anonymous_47)
FN:906,(anonymous_48)
FN:974,(anonymous_49)
FN:981,(anonymous_50)
FN:987,(anonymous_51)
FN:992,(anonymous_52)
FN:995,(anonymous_53)
FN:1006,(anonymous_54)
FN:1017,(anonymous_55)
FN:1028,(anonymous_56)
FN:1029,(anonymous_57)
FN:1048,(anonymous_58)
FN:1049,(anonymous_59)
FN:1066,(anonymous_60)
FN:1100,(anonymous_61)
FN:1138,(anonymous_62)
FN:1164,(anonymous_63)
FN:1222,(anonymous_64)
FN:1250,(anonymous_65)
FN:1267,(anonymous_66)
FN:1285,(anonymous_67)
FN:1328,(anonymous_68)
FN:1354,(anonymous_69)
FN:1393,(anonymous_70)
FN:1414,(anonymous_71)
FN:1441,(anonymous_72)
FN:1459,(anonymous_73)
FNF:74
FNH:34
FNDA:25,(anonymous_0)
FNDA:25,(anonymous_1)
FNDA:25,(anonymous_2)
FNDA:25,(anonymous_3)
FNDA:450,(anonymous_4)
FNDA:325,(anonymous_5)
FNDA:25,(anonymous_6)
FNDA:18,(anonymous_7)
FNDA:0,(anonymous_8)
FNDA:2,(anonymous_9)
FNDA:35,(anonymous_10)
FNDA:2,(anonymous_11)
FNDA:35,(anonymous_12)
FNDA:2,(anonymous_13)
FNDA:0,(anonymous_14)
FNDA:38,(anonymous_15)
FNDA:1,(anonymous_16)
FNDA:0,(anonymous_17)
FNDA:0,(anonymous_18)
FNDA:0,(anonymous_19)
FNDA:10,(anonymous_20)
FNDA:10,(anonymous_21)
FNDA:18,(anonymous_22)
FNDA:18,(anonymous_23)
FNDA:18,(anonymous_24)
FNDA:0,(anonymous_25)
FNDA:18,(anonymous_26)
FNDA:0,(anonymous_27)
FNDA:0,(anonymous_28)
FNDA:0,(anonymous_29)
FNDA:0,(anonymous_30)
FNDA:0,(anonymous_31)
FNDA:0,(anonymous_32)
FNDA:0,(anonymous_33)
FNDA:0,(anonymous_34)
FNDA:0,(anonymous_35)
FNDA:0,(anonymous_36)
FNDA:17,(anonymous_37)
FNDA:17,(anonymous_38)
FNDA:27,(anonymous_39)
FNDA:26,(anonymous_40)
FNDA:26,(anonymous_41)
FNDA:2,(anonymous_42)
FNDA:27,(anonymous_43)
FNDA:9,(anonymous_44)
FNDA:17,(anonymous_45)
FNDA:0,(anonymous_46)
FNDA:0,(anonymous_47)
FNDA:3,(anonymous_48)
FNDA:0,(anonymous_49)
FNDA:0,(anonymous_50)
FNDA:0,(anonymous_51)
FNDA:0,(anonymous_52)
FNDA:0,(anonymous_53)
FNDA:0,(anonymous_54)
FNDA:0,(anonymous_55)
FNDA:0,(anonymous_56)
FNDA:0,(anonymous_57)
FNDA:0,(anonymous_58)
FNDA:0,(anonymous_59)
FNDA:0,(anonymous_60)
FNDA:4,(anonymous_61)
FNDA:0,(anonymous_62)
FNDA:0,(anonymous_63)
FNDA:0,(anonymous_64)
FNDA:3,(anonymous_65)
FNDA:9,(anonymous_66)
FNDA:0,(anonymous_67)
FNDA:0,(anonymous_68)
FNDA:0,(anonymous_69)
FNDA:0,(anonymous_70)
FNDA:0,(anonymous_71)
FNDA:0,(anonymous_72)
FNDA:0,(anonymous_73)
DA:1,2
DA:2,2
DA:3,2
DA:4,2
DA:6,2
DA:7,25
DA:8,25
DA:9,0
DA:15,25
DA:16,25
DA:17,25
DA:20,25
DA:21,25
DA:22,25
DA:23,25
DA:24,25
DA:26,25
DA:27,25
DA:162,25
DA:189,25
DA:207,25
DA:231,25
DA:255,25
DA:257,25
DA:258,25
DA:259,25
DA:260,25
DA:261,25
DA:262,25
DA:263,25
DA:264,25
DA:265,25
DA:270,25
DA:271,450
DA:274,25
DA:290,25
DA:291,325
DA:292,0
DA:297,25
DA:298,0
DA:300,25
DA:301,0
DA:303,25
DA:304,0
DA:309,25
DA:313,18
DA:314,18
DA:338,18
DA:342,0
DA:357,0
DA:361,2
DA:362,0
DA:364,2
DA:365,2
DA:367,0
DA:368,0
DA:373,35
DA:374,34
DA:377,1
DA:378,2
DA:379,2
DA:380,0
DA:381,0
DA:382,0
DA:384,0
DA:387,1
DA:388,1
DA:390,0
DA:391,0
DA:395,35
DA:396,34
DA:399,1
DA:400,1
DA:402,2
DA:403,2
DA:404,2
DA:405,2
DA:406,0
DA:407,0
DA:410,2
DA:411,2
DA:413,0
DA:521,38
DA:522,3
DA:527,35
DA:529,35
DA:530,35
DA:532,35
DA:538,35
DA:539,35
DA:540,35
DA:544,35
DA:548,35
DA:551,35
DA:553,35
DA:560,35
DA:562,35
DA:571,35
DA:578,35
DA:579,35
DA:580,35
DA:581,35
DA:582,35
DA:584,35
DA:608,0
DA:609,0
DA:610,0
DA:611,0
DA:612,0
DA:614,0
DA:615,0
DA:616,0
DA:618,0
DA:619,0
DA:621,0
DA:622,0
DA:623,0
DA:624,0
DA:625,0
DA:626,0
DA:627,0
DA:628,0
DA:629,0
DA:630,0
DA:634,0
DA:635,0
DA:638,0
DA:641,0
DA:644,0
DA:648,10
DA:649,10
DA:650,10
DA:651,10
DA:652,10
DA:655,18
DA:656,10
DA:657,0
DA:660,18
DA:661,10
DA:666,10
DA:667,0
DA:670,10
DA:671,18
DA:672,0
DA:674,18
DA:675,18
DA:677,18
DA:678,18
DA:679,18
DA:680,18
DA:681,0
DA:683,0
DA:684,0
DA:685,0
DA:686,0
DA:687,0
DA:688,0
DA:689,0
DA:693,18
DA:696,18
DA:699,10
DA:702,10
DA:706,0
DA:707,0
DA:708,0
DA:709,0
DA:711,0
DA:712,0
DA:713,0
DA:715,0
DA:716,0
DA:717,0
DA:718,0
DA:719,0
DA:720,0
DA:721,0
DA:723,0
DA:726,0
DA:729,0
DA:733,0
DA:734,0
DA:735,0
DA:736,0
DA:739,0
DA:740,0
DA:741,0
DA:744,0
DA:745,0
DA:750,0
DA:751,0
DA:754,0
DA:755,0
DA:756,0
DA:758,0
DA:759,0
DA:761,0
DA:762,0
DA:763,0
DA:764,0
DA:765,0
DA:767,0
DA:770,0
DA:773,0
DA:776,0
DA:780,17
DA:781,17
DA:782,1
DA:785,27
DA:786,16
DA:787,0
DA:790,26
DA:791,16
DA:794,16
DA:796,16
DA:797,16
DA:799,16
DA:800,27
DA:801,1
DA:804,26
DA:805,26
DA:806,0
DA:809,26
DA:810,26
DA:811,24
DA:812,2
DA:813,1
DA:816,26
DA:817,26
DA:820,16
DA:823,17
DA:827,9
DA:828,9
DA:829,17
DA:830,9
DA:831,9
DA:833,9
DA:834,0
DA:835,0
DA:836,0
DA:838,0
DA:841,9
DA:842,0
DA:847,9
DA:849,0
DA:856,9
DA:857,0
DA:858,9
DA:859,0
DA:862,9
DA:863,0
DA:864,0
DA:867,9
DA:868,0
DA:869,0
DA:872,9
DA:873,1
DA:874,1
DA:877,9
DA:878,5
DA:879,5
DA:882,9
DA:883,0
DA:884,0
DA:887,9
DA:888,0
DA:889,0
DA:892,9
DA:893,0
DA:894,0
DA:897,9
DA:898,0
DA:899,0
DA:902,9
DA:903,9
DA:907,3
DA:910,3
DA:922,3
DA:925,3
DA:929,3
DA:932,0
DA:933,3
DA:935,0
DA:947,3
DA:950,3
DA:970,3
DA:971,3
DA:975,0
DA:976,0
DA:977,0
DA:978,0
DA:982,0
DA:983,0
DA:984,0
DA:988,0
DA:992,0
DA:996,0
DA:998,0
DA:1000,0
DA:1006,0
DA:1007,0
DA:1008,0
DA:1011,0
DA:1017,0
DA:1018,0
DA:1019,0
DA:1022,0
DA:1028,0
DA:1029,0
DA:1033,0
DA:1048,0
DA:1049,0
DA:1051,0
DA:1059,0
DA:1060,0
DA:1066,0
DA:1067,0
DA:1068,0
DA:1070,0
DA:1073,0
DA:1076,0
DA:1078,0
DA:1101,4
DA:1102,4
DA:1106,4
DA:1129,4
DA:1139,0
DA:1140,0
DA:1141,0
DA:1156,0
DA:1165,0
DA:1167,0
DA:1171,0
DA:1213,0
DA:1223,0
DA:1224,0
DA:1225,0
DA:1247,0
DA:1251,3
DA:1252,0
DA:1255,3
DA:1262,3
DA:1263,3
DA:1264,0
DA:1267,3
DA:1268,9
DA:1269,3
DA:1270,3
DA:1272,0
DA:1273,0
DA:1277,3
DA:1287,0
DA:1296,0
DA:1299,0
DA:1306,0
DA:1314,0
DA:1327,0
DA:1329,0
DA:1330,0
DA:1340,0
DA:1353,0
DA:1355,0
DA:1356,0
DA:1365,0
DA:1371,0
DA:1377,0
DA:1394,0
DA:1395,0
DA:1415,0
DA:1416,0
DA:1417,0
DA:1418,0
DA:1420,0
DA:1434,0
DA:1442,0
DA:1449,0
DA:1450,0
DA:1460,0
DA:1466,0
DA:1468,0
DA:1490,2
LF:380
LH:179
BRDA:8,0,0,0
BRDA:8,0,1,25
BRDA:291,1,0,0
BRDA:291,1,1,325
BRDA:297,2,0,0
BRDA:297,2,1,25
BRDA:300,3,0,0
BRDA:300,3,1,25
BRDA:303,4,0,0
BRDA:303,4,1,25
BRDA:313,5,0,18
BRDA:313,5,1,18
BRDA:316,6,0,18
BRDA:316,6,1,0
BRDA:317,7,0,18
BRDA:317,7,1,0
BRDA:318,8,0,18
BRDA:318,8,1,18
BRDA:319,9,0,18
BRDA:319,9,1,18
BRDA:320,10,0,18
BRDA:320,10,1,18
BRDA:321,11,0,18
BRDA:321,11,1,1
BRDA:322,12,0,18
BRDA:322,12,1,18
BRDA:323,13,0,18
BRDA:323,13,1,18
BRDA:324,14,0,18
BRDA:324,14,1,18
BRDA:325,15,0,18
BRDA:325,15,1,0
BRDA:326,16,0,18
BRDA:326,16,1,18
BRDA:327,17,0,18
BRDA:327,17,1,18
BRDA:328,18,0,0
BRDA:328,18,1,18
BRDA:329,19,0,18
BRDA:329,19,1,18
BRDA:330,20,0,18
BRDA:330,20,1,18
BRDA:331,21,0,18
BRDA:331,21,1,18
BRDA:332,22,0,18
BRDA:332,22,1,18
BRDA:333,23,0,18
BRDA:333,23,1,0
BRDA:334,24,0,0
BRDA:334,24,1,18
BRDA:344,25,0,0
BRDA:344,25,1,0
BRDA:345,26,0,0
BRDA:345,26,1,0
BRDA:346,27,0,0
BRDA:346,27,1,0
BRDA:347,28,0,0
BRDA:347,28,1,0
BRDA:348,29,0,0
BRDA:348,29,1,0
BRDA:349,30,0,0
BRDA:349,30,1,0
BRDA:350,31,0,0
BRDA:350,31,1,0
BRDA:351,32,0,0
BRDA:351,32,1,0
BRDA:352,33,0,0
BRDA:352,33,1,0
BRDA:353,34,0,0
BRDA:353,34,1,0
BRDA:361,35,0,0
BRDA:361,35,1,2
BRDA:361,36,0,2
BRDA:361,36,1,2
BRDA:373,37,0,34
BRDA:373,37,1,1
BRDA:378,38,0,0
BRDA:378,38,1,2
BRDA:379,39,0,2
BRDA:379,39,1,0
BRDA:380,40,0,0
BRDA:380,40,1,0
BRDA:380,41,0,0
BRDA:380,41,1,0
BRDA:381,42,0,0
BRDA:381,42,1,0
BRDA:382,43,0,0
BRDA:382,43,1,0
BRDA:382,43,2,0
BRDA:382,43,3,0
BRDA:382,43,4,0
BRDA:387,44,0,1
BRDA:387,44,1,0
BRDA:391,45,0,0
BRDA:391,45,1,0
BRDA:395,46,0,34
BRDA:395,46,1,1
BRDA:399,47,0,1
BRDA:399,47,1,0
BRDA:402,48,0,0
BRDA:402,48,1,2
BRDA:403,49,0,0
BRDA:403,49,1,2
BRDA:404,50,0,0
BRDA:404,50,1,2
BRDA:404,51,0,2
BRDA:404,51,1,2
BRDA:405,52,0,0
BRDA:405,52,1,2
BRDA:407,53,0,0
BRDA:407,53,1,0
BRDA:410,54,0,2
BRDA:410,54,1,0
BRDA:411,55,0,2
BRDA:411,55,1,2
BRDA:411,55,2,2
BRDA:411,55,3,0
BRDA:521,56,0,3
BRDA:521,56,1,35
BRDA:529,57,0,35
BRDA:529,57,1,34
BRDA:529,57,2,34
BRDA:529,57,3,34
BRDA:530,58,0,35
BRDA:530,58,1,34
BRDA:530,58,2,34
BRDA:532,59,0,35
BRDA:532,59,1,1
BRDA:532,59,2,0
BRDA:532,59,3,0
BRDA:532,59,4,0
BRDA:532,59,5,0
BRDA:538,60,0,35
BRDA:538,60,1,34
BRDA:538,60,2,34
BRDA:538,60,3,34
BRDA:539,61,0,35
BRDA:539,61,1,1
BRDA:539,61,2,0
BRDA:540,62,0,35
BRDA:540,62,1,35
BRDA:540,62,2,35
BRDA:544,63,0,35
BRDA:544,63,1,34
BRDA:544,63,2,34
BRDA:544,63,3,32
BRDA:548,64,0,35
BRDA:548,64,1,34
BRDA:548,64,2,34
BRDA:553,65,0,35
BRDA:553,65,1,18
BRDA:553,65,2,17
BRDA:553,65,3,17
BRDA:553,65,4,17
BRDA:562,66,0,35
BRDA:562,66,1,22
BRDA:562,66,2,22
BRDA:562,66,3,21
BRDA:562,66,4,21
BRDA:562,66,5,20
BRDA:571,67,0,35
BRDA:571,67,1,34
BRDA:571,67,2,34
BRDA:571,67,3,34
BRDA:571,67,4,34
BRDA:571,67,5,34
BRDA:578,68,0,35
BRDA:578,68,1,34
BRDA:578,68,2,34
BRDA:579,69,0,35
BRDA:579,69,1,35
BRDA:579,69,2,35
BRDA:579,69,3,35
BRDA:580,70,0,35
BRDA:580,70,1,35
BRDA:580,70,2,35
BRDA:580,70,3,35
BRDA:580,70,4,35
BRDA:581,71,0,35
BRDA:581,71,1,35
BRDA:581,71,2,35
BRDA:581,71,3,35
BRDA:594,72,0,1
BRDA:594,72,1,34
BRDA:595,73,0,1
BRDA:595,73,1,34
BRDA:600,74,0,1
BRDA:600,74,1,34
BRDA:615,75,0,0
BRDA:615,75,1,0
BRDA:622,76,0,0
BRDA:622,76,1,0
BRDA:624,77,0,0
BRDA:624,77,1,0
BRDA:629,78,0,0
BRDA:629,78,1,0
BRDA:629,79,0,0
BRDA:629,79,1,0
BRDA:634,80,0,0
BRDA:634,80,1,0
BRDA:634,81,0,0
BRDA:634,81,1,0
BRDA:656,82,0,0
BRDA:656,82,1,10
BRDA:671,83,0,0
BRDA:671,83,1,18
BRDA:678,84,0,18
BRDA:678,84,1,0
BRDA:680,85,0,0
BRDA:680,85,1,18
BRDA:683,86,0,0
BRDA:683,86,1,0
BRDA:688,87,0,0
BRDA:688,87,1,0
BRDA:688,88,0,0
BRDA:688,88,1,0
BRDA:712,89,0,0
BRDA:712,89,1,0
BRDA:718,90,0,0
BRDA:718,90,1,0
BRDA:720,91,0,0
BRDA:720,91,1,0
BRDA:740,92,0,0
BRDA:740,92,1,0
BRDA:755,93,0,0
BRDA:755,93,1,0
BRDA:762,94,0,0
BRDA:762,94,1,0
BRDA:764,95,0,0
BRDA:764,95,1,0
BRDA:779,96,0,0
BRDA:781,97,0,1
BRDA:781,97,1,16
BRDA:786,98,0,0
BRDA:786,98,1,16
BRDA:800,99,0,1
BRDA:800,99,1,26
BRDA:805,100,0,0
BRDA:805,100,1,26
BRDA:810,101,0,24
BRDA:810,101,1,2
BRDA:812,102,0,1
BRDA:812,102,1,1
BRDA:826,103,0,0
BRDA:826,104,0,1
BRDA:827,105,0,9
BRDA:827,105,1,1
BRDA:828,106,0,9
BRDA:828,106,1,1
BRDA:828,106,2,1
BRDA:833,107,0,0
BRDA:833,107,1,9
BRDA:833,108,0,9
BRDA:833,108,1,0
BRDA:841,109,0,0
BRDA:841,109,1,9
BRDA:847,110,0,0
BRDA:847,110,1,9
BRDA:856,111,0,0
BRDA:856,111,1,9
BRDA:858,112,0,0
BRDA:858,112,1,9
BRDA:862,113,0,0
BRDA:862,113,1,9
BRDA:867,114,0,0
BRDA:867,114,1,9
BRDA:872,115,0,1
BRDA:872,115,1,8
BRDA:877,116,0,5
BRDA:877,116,1,4
BRDA:882,117,0,0
BRDA:882,117,1,9
BRDA:887,118,0,0
BRDA:887,118,1,9
BRDA:892,119,0,0
BRDA:892,119,1,9
BRDA:897,120,0,0
BRDA:897,120,1,9
BRDA:902,121,0,5
BRDA:902,121,1,4
BRDA:906,122,0,2
BRDA:906,123,0,2
BRDA:906,124,0,3
BRDA:906,125,0,3
BRDA:906,126,0,3
BRDA:906,127,0,3
BRDA:922,128,0,3
BRDA:922,128,1,0
BRDA:925,129,0,0
BRDA:925,129,1,3
BRDA:929,130,0,0
BRDA:929,130,1,3
BRDA:933,131,0,0
BRDA:933,131,1,3
BRDA:974,132,0,0
BRDA:978,133,0,0
BRDA:978,133,1,0
BRDA:984,134,0,0
BRDA:984,134,1,0
BRDA:995,135,0,0
BRDA:998,136,0,0
BRDA:998,136,1,0
BRDA:1007,137,0,0
BRDA:1007,137,1,0
BRDA:1018,138,0,0
BRDA:1018,138,1,0
BRDA:1028,139,0,0
BRDA:1028,139,1,0
BRDA:1029,140,0,0
BRDA:1029,140,1,0
BRDA:1048,141,0,0
BRDA:1048,141,1,0
BRDA:1049,142,0,0
BRDA:1049,142,1,0
BRDA:1059,143,0,0
BRDA:1059,143,1,0
BRDA:1067,144,0,0
BRDA:1067,144,1,0
BRDA:1087,145,0,0
BRDA:1087,145,1,0
BRDA:1088,146,0,0
BRDA:1088,146,1,0
BRDA:1090,147,0,0
BRDA:1090,147,1,0
BRDA:1100,148,0,2
BRDA:1102,149,0,2
BRDA:1102,149,1,2
BRDA:1138,150,0,0
BRDA:1164,151,0,0
BRDA:1167,152,0,0
BRDA:1167,152,1,0
BRDA:1222,153,0,0
BRDA:1251,154,0,0
BRDA:1251,154,1,3
BRDA:1263,155,0,0
BRDA:1263,155,1,3
BRDA:1268,156,0,6
BRDA:1268,156,1,3
BRDA:1287,157,0,0
BRDA:1287,157,1,0
BRDA:1299,158,0,0
BRDA:1299,158,1,0
BRDA:1306,159,0,0
BRDA:1306,159,1,0
BRDA:1310,160,0,0
BRDA:1310,160,1,0
BRDA:1366,161,0,0
BRDA:1366,161,1,0
BRDA:1367,162,0,0
BRDA:1367,162,1,0
BRDA:1368,163,0,0
BRDA:1368,163,1,0
BRDA:1372,164,0,0
BRDA:1372,164,1,0
BRDA:1373,165,0,0
BRDA:1373,165,1,0
BRDA:1374,166,0,0
BRDA:1374,166,1,0
BRDA:1393,167,0,0
BRDA:1414,168,0,0
BRDA:1417,169,0,0
BRDA:1417,169,1,0
BRDA:1450,170,0,0
BRDA:1450,170,1,0
BRDA:1459,171,0,0
BRDA:1462,172,0,0
BRDA:1463,173,0,0
BRDA:1464,174,0,0
BRDA:1465,175,0,0
BRDA:1472,176,0,0
BRDA:1472,176,1,0
BRDA:1473,177,0,0
BRDA:1473,177,1,0
BRDA:1474,178,0,0
BRDA:1474,178,1,0
BRDA:1475,179,0,0
BRDA:1475,179,1,0
BRDA:1476,180,0,0
BRDA:1476,180,1,0
BRDA:1477,181,0,0
BRDA:1477,181,1,0
BRDA:1478,182,0,0
BRDA:1478,182,1,0
BRDA:1479,183,0,0
BRDA:1479,183,1,0
BRDA:1480,184,0,0
BRDA:1480,184,1,0
BRDA:1481,185,0,0
BRDA:1481,185,1,0
BRDA:1482,186,0,0
BRDA:1482,186,1,0
BRDA:1483,187,0,0
BRDA:1483,187,1,0
BRDA:1484,188,0,0
BRDA:1484,188,1,0
BRDA:1485,189,0,0
BRDA:1485,189,1,0
BRF:397
BRH:181
end_of_record
TN:
SF:src/core/stats.js
FN:1,(anonymous_0)
FN:3,(anonymous_1)
FN:4,(anonymous_2)
FN:7,(anonymous_3)
FN:33,(anonymous_4)
FNF:5
FNH:0
FNDA:0,(anonymous_0)
FNDA:0,(anonymous_1)
FNDA:0,(anonymous_2)
FNDA:0,(anonymous_3)
FNDA:0,(anonymous_4)
DA:1,0
DA:2,0
DA:3,0
DA:4,0
DA:7,0
DA:8,0
DA:10,0
DA:16,0
DA:22,0
DA:33,0
DA:58,0
LF:11
LH:0
BRDA:3,0,0,0
BRDA:3,0,1,0
BRDA:10,1,0,0
BRDA:10,1,1,0
BRDA:11,2,0,0
BRDA:11,2,1,0
BRDA:12,3,0,0
BRDA:12,3,1,0
BRDA:13,4,0,0
BRDA:13,4,1,0
BRDA:16,5,0,0
BRDA:16,5,1,0
BRDA:17,6,0,0
BRDA:17,6,1,0
BRDA:18,7,0,0
BRDA:18,7,1,0
BRDA:19,8,0,0
BRDA:19,8,1,0
BRDA:23,9,0,0
BRDA:23,9,1,0
BRDA:24,10,0,0
BRDA:24,10,1,0
BRDA:25,11,0,0
BRDA:25,11,1,0
BRDA:26,12,0,0
BRDA:26,12,1,0
BRDA:27,13,0,0
BRDA:27,13,1,0
BRDA:28,14,0,0
BRDA:28,14,1,0
BRDA:29,15,0,0
BRDA:29,15,1,0
BRDA:30,16,0,0
BRDA:30,16,1,0
BRDA:31,17,0,0
BRDA:31,17,1,0
BRDA:32,18,0,0
BRDA:32,18,1,0
BRDA:33,19,0,0
BRDA:33,19,1,0
BRDA:37,20,0,0
BRDA:37,20,1,0
BRDA:38,21,0,0
BRDA:38,21,1,0
BRDA:40,22,0,0
BRDA:40,22,1,0
BRDA:41,23,0,0
BRDA:41,23,1,0
BRDA:42,24,0,0
BRDA:42,24,1,0
BRDA:44,25,0,0
BRDA:44,25,1,0
BRDA:45,26,0,0
BRDA:45,26,1,0
BRDA:46,27,0,0
BRDA:46,27,1,0
BRDA:49,28,0,0
BRDA:49,28,1,0
BRDA:50,29,0,0
BRDA:50,29,1,0
BRDA:51,30,0,0
BRDA:51,30,1,0
BRF:62
BRH:0
end_of_record
TN:
SF:src/main/dataService.js
FN:32,(anonymous_0)
FN:69,(anonymous_1)
FN:71,(anonymous_2)
FN:82,(anonymous_3)
FN:86,(anonymous_4)
FN:108,(anonymous_5)
FN:182,(anonymous_6)
FN:192,(anonymous_7)
FN:199,(anonymous_8)
FN:236,(anonymous_9)
FN:272,(anonymous_10)
FN:311,(anonymous_11)
FN:339,(anonymous_12)
FN:372,(anonymous_13)
FN:463,(anonymous_14)
FN:476,(anonymous_15)
FN:493,(anonymous_16)
FN:516,(anonymous_17)
FN:523,(anonymous_18)
FN:528,(anonymous_19)
FN:535,(anonymous_20)
FN:539,(anonymous_21)
FN:543,(anonymous_22)
FN:547,(anonymous_23)
FN:551,(anonymous_24)
FN:555,(anonymous_25)
FN:559,(anonymous_26)
FN:563,(anonymous_27)
FN:567,(anonymous_28)
FN:577,(anonymous_29)
FN:599,(anonymous_30)
FNF:31
FNH:17
FNDA:21,(anonymous_0)
FNDA:21,(anonymous_1)
FNDA:17,(anonymous_2)
FNDA:18,(anonymous_3)
FNDA:0,(anonymous_4)
FNDA:19,(anonymous_5)
FNDA:22,(anonymous_6)
FNDA:2,(anonymous_7)
FNDA:12,(anonymous_8)
FNDA:3,(anonymous_9)
FNDA:1,(anonymous_10)
FNDA:17,(anonymous_11)
FNDA:3,(anonymous_12)
FNDA:2,(anonymous_13)
FNDA:3,(anonymous_14)
FNDA:3,(anonymous_15)
FNDA:4,(anonymous_16)
FNDA:4,(anonymous_17)
FNDA:0,(anonymous_18)
FNDA:0,(anonymous_19)
FNDA:0,(anonymous_20)
FNDA:0,(anonymous_21)
FNDA:0,(anonymous_22)
FNDA:0,(anonymous_23)
FNDA:0,(anonymous_24)
FNDA:0,(anonymous_25)
FNDA:0,(anonymous_26)
FNDA:0,(anonymous_27)
FNDA:0,(anonymous_28)
FNDA:0,(anonymous_29)
FNDA:0,(anonymous_30)
DA:1,1
DA:2,1
DA:3,1
DA:4,1
DA:7,0
DA:9,1
DA:10,1
DA:11,1
DA:12,1
DA:41,21
DA:44,21
DA:45,0
DA:47,21
DA:48,0
DA:51,21
DA:61,21
DA:64,21
DA:67,21
DA:68,21
DA:69,21
DA:70,21
DA:71,21
DA:72,21
DA:73,21
DA:74,21
DA:83,18
DA:87,0
DA:88,0
DA:89,0
DA:90,0
DA:109,19
DA:110,1
DA:113,18
DA:114,18
DA:115,1
DA:118,17
DA:123,17
DA:127,17
DA:128,17
DA:129,17
DA:130,17
DA:131,17
DA:134,17
DA:135,17
DA:136,17
DA:137,17
DA:139,17
DA:140,0
DA:141,0
DA:142,0
DA:144,0
DA:149,0
DA:154,17
DA:169,17
DA:170,17
DA:171,17
DA:172,17
DA:174,17
DA:175,17
DA:176,17
DA:177,17
DA:178,17
DA:179,17
DA:182,17
DA:184,22
DA:185,0
DA:189,22
DA:190,2
DA:192,2
DA:193,2
DA:195,2
DA:199,17
DA:200,12
DA:201,0
DA:203,12
DA:204,12
DA:205,12
DA:206,12
DA:207,12
DA:208,12
DA:210,12
DA:217,12
DA:230,12
DA:232,0
DA:236,17
DA:237,3
DA:238,0
DA:240,3
DA:241,3
DA:242,3
DA:243,3
DA:244,3
DA:246,3
DA:253,3
DA:266,3
DA:268,0
DA:272,17
DA:273,1
DA:274,0
DA:276,1
DA:277,1
DA:278,1
DA:279,1
DA:280,1
DA:282,1
DA:288,1
DA:301,1
DA:303,0
DA:308,17
DA:312,17
DA:313,17
DA:314,17
DA:315,17
DA:318,17
DA:331,17
DA:332,4
DA:340,3
DA:341,3
DA:342,3
DA:343,3
DA:346,3
DA:359,3
DA:360,0
DA:373,2
DA:374,2
DA:375,2
DA:376,2
DA:378,2
DA:390,2
DA:391,0
DA:399,12
DA:400,8
DA:403,12
DA:404,3
DA:407,12
DA:408,1
DA:412,12
DA:415,12
DA:430,12
DA:437,5
DA:448,5
DA:449,0
DA:450,0
DA:452,5
DA:454,17
DA:455,17
DA:456,17
DA:457,17
DA:458,17
DA:459,17
DA:464,3
DA:465,1
DA:467,2
DA:468,2
DA:471,2
DA:473,2
DA:477,3
DA:478,1
DA:480,2
DA:481,2
DA:482,2
DA:483,2
DA:484,2
DA:488,2
DA:490,2
DA:494,4
DA:495,1
DA:497,3
DA:500,3
DA:503,3
DA:504,0
DA:505,0
DA:509,3
DA:510,3
DA:513,3
DA:517,4
DA:524,0
DA:525,0
DA:529,0
DA:530,0
DA:531,0
DA:532,0
DA:536,0
DA:540,0
DA:544,0
DA:548,0
DA:552,0
DA:556,0
DA:560,0
DA:564,0
DA:568,0
DA:578,0
DA:579,0
DA:583,0
DA:584,0
DA:588,0
DA:589,0
DA:591,0
DA:600,0
DA:604,1
LF:200
LH:152
BRDA:32,0,0,21
BRDA:44,1,0,0
BRDA:44,1,1,21
BRDA:44,2,0,21
BRDA:44,2,1,0
BRDA:47,3,0,0
BRDA:47,3,1,21
BRDA:47,4,0,21
BRDA:47,4,1,0
BRDA:51,5,0,21
BRDA:51,5,1,21
BRDA:61,6,0,21
BRDA:61,6,1,21
BRDA:64,7,0,21
BRDA:64,7,1,21
BRDA:65,8,0,21
BRDA:65,8,1,0
BRDA:68,9,0,21
BRDA:68,9,1,21
BRDA:69,10,0,21
BRDA:69,10,1,21
BRDA:71,11,0,21
BRDA:71,11,1,21
BRDA:72,12,0,21
BRDA:72,12,1,21
BRDA:108,13,0,19
BRDA:109,14,0,1
BRDA:109,14,1,18
BRDA:114,15,0,1
BRDA:114,15,1,17
BRDA:114,16,0,18
BRDA:114,16,1,17
BRDA:134,17,0,17
BRDA:139,18,0,0
BRDA:139,18,1,17
BRDA:141,19,0,0
BRDA:141,19,1,0
BRDA:161,20,0,0
BRDA:161,20,1,17
BRDA:184,21,0,0
BRDA:184,21,1,22
BRDA:189,22,0,2
BRDA:189,22,1,20
BRDA:200,23,0,0
BRDA:200,23,1,12
BRDA:237,24,0,0
BRDA:237,24,1,3
BRDA:273,25,0,0
BRDA:273,25,1,1
BRDA:331,26,0,4
BRDA:331,26,1,13
BRDA:359,27,0,0
BRDA:359,27,1,3
BRDA:390,28,0,0
BRDA:390,28,1,2
BRDA:399,29,0,8
BRDA:399,29,1,4
BRDA:403,30,0,3
BRDA:403,30,1,9
BRDA:407,31,0,1
BRDA:407,31,1,11
BRDA:448,32,0,0
BRDA:448,32,1,5
BRDA:464,33,0,1
BRDA:464,33,1,2
BRDA:477,34,0,1
BRDA:477,34,1,2
BRDA:482,35,0,2
BRDA:482,35,1,0
BRDA:494,36,0,1
BRDA:494,36,1,3
BRDA:503,37,0,0
BRDA:503,37,1,3
BRDA:509,38,0,3
BRDA:509,38,1,0
BRDA:528,39,0,0
BRDA:529,40,0,0
BRDA:529,41,0,0
BRDA:529,42,0,0
BRDA:529,43,0,0
BRDA:529,44,0,0
BRDA:551,45,0,0
BRDA:555,46,0,0
BRDA:563,47,0,0
BRDA:567,48,0,0
BRDA:578,49,0,0
BRDA:578,49,1,0
BRDA:583,50,0,0
BRDA:583,50,1,0
BRDA:583,51,0,0
BRDA:583,51,1,0
BRF:91
BRH:56
end_of_record
TN:
SF:src/main/main.js
FN:8,(anonymous_0)
FN:24,(anonymous_1)
FN:27,(anonymous_2)
FN:34,(anonymous_3)
FN:40,(anonymous_4)
FN:42,(anonymous_5)
FN:44,(anonymous_6)
FN:46,(anonymous_7)
FN:48,(anonymous_8)
FN:50,(anonymous_9)
FN:52,(anonymous_10)
FN:53,(anonymous_11)
FN:55,(anonymous_12)
FN:77,(anonymous_13)
FN:82,(anonymous_14)
FN:87,(anonymous_15)
FN:92,(anonymous_16)
FN:96,(anonymous_17)
FN:100,(anonymous_18)
FN:114,(anonymous_19)
FN:116,(anonymous_20)
FN:118,(anonymous_21)
FN:120,(anonymous_22)
FN:122,(anonymous_23)
FN:124,(anonymous_24)
FN:128,(anonymous_25)
FN:130,(anonymous_26)
FN:132,(anonymous_27)
FNF:28
FNH:0
FNDA:0,(anonymous_0)
FNDA:0,(anonymous_1)
FNDA:0,(anonymous_2)
FNDA:0,(anonymous_3)
FNDA:0,(anonymous_4)
FNDA:0,(anonymous_5)
FNDA:0,(anonymous_6)
FNDA:0,(anonymous_7)
FNDA:0,(anonymous_8)
FNDA:0,(anonymous_9)
FNDA:0,(anonymous_10)
FNDA:0,(anonymous_11)
FNDA:0,(anonymous_12)
FNDA:0,(anonymous_13)
FNDA:0,(anonymous_14)
FNDA:0,(anonymous_15)
FNDA:0,(anonymous_16)
FNDA:0,(anonymous_17)
FNDA:0,(anonymous_18)
FNDA:0,(anonymous_19)
FNDA:0,(anonymous_20)
FNDA:0,(anonymous_21)
FNDA:0,(anonymous_22)
FNDA:0,(anonymous_23)
FNDA:0,(anonymous_24)
FNDA:0,(anonymous_25)
FNDA:0,(anonymous_26)
FNDA:0,(anonymous_27)
DA:1,0
DA:2,0
DA:3,0
DA:6,0
DA:8,0
DA:9,0
DA:17,0
DA:19,0
DA:20,0
DA:24,0
DA:25,0
DA:27,0
DA:28,0
DA:29,0
DA:34,0
DA:35,0
DA:36,0
DA:40,0
DA:42,0
DA:44,0
DA:46,0
DA:48,0
DA:50,0
DA:52,0
DA:53,0
DA:55,0
DA:56,0
DA:57,0
DA:60,0
DA:70,0
DA:71,0
DA:74,0
DA:77,0
DA:78,0
DA:79,0
DA:82,0
DA:83,0
DA:84,0
DA:87,0
DA:88,0
DA:89,0
DA:92,0
DA:93,0
DA:96,0
DA:97,0
DA:100,0
DA:101,0
DA:104,0
DA:105,0
DA:106,0
DA:107,0
DA:109,0
DA:110,0
DA:114,0
DA:116,0
DA:118,0
DA:120,0
DA:122,0
DA:124,0
DA:125,0
DA:128,0
DA:130,0
DA:132,0
DA:133,0
LF:64
LH:0
BRDA:19,0,0,0
BRDA:19,0,1,0
BRDA:28,1,0,0
BRDA:28,1,1,0
BRDA:35,2,0,0
BRDA:35,2,1,0
BRDA:56,3,0,0
BRDA:56,3,1,0
BRDA:70,4,0,0
BRDA:70,4,1,0
BRDA:70,5,0,0
BRDA:70,5,1,0
BRDA:87,6,0,0
BRDA:88,7,0,0
BRDA:88,7,1,0
BRDA:122,8,0,0
BRDA:122,8,1,0
BRDA:125,9,0,0
BRDA:125,9,1,0
BRDA:130,10,0,0
BRDA:130,10,1,0
BRDA:133,11,0,0
BRDA:133,11,1,0
BRF:23
BRH:0
end_of_record
TN:
SF:src/main/preload.js
FN:3,(anonymous_0)
FN:3,(anonymous_1)
FN:4,(anonymous_2)
FN:6,(anonymous_3)
FN:10,(anonymous_4)
FN:11,(anonymous_5)
FN:12,(anonymous_6)
FN:13,(anonymous_7)
FN:14,(anonymous_8)
FN:15,(anonymous_9)
FN:16,(anonymous_10)
FN:17,(anonymous_11)
FN:18,(anonymous_12)
FN:19,(anonymous_13)
FN:20,(anonymous_14)
FN:21,(anonymous_15)
FN:22,(anonymous_16)
FN:23,(anonymous_17)
FN:24,(anonymous_18)
FN:25,(anonymous_19)
FN:31,(anonymous_20)
FN:32,(anonymous_21)
FN:33,(anonymous_22)
FN:34,(anonymous_23)
FN:35,(anonymous_24)
FNF:25
FNH:0
FNDA:0,(anonymous_0)
FNDA:0,(anonymous_1)
FNDA:0,(anonymous_2)
FNDA:0,(anonymous_3)
FNDA:0,(anonymous_4)
FNDA:0,(anonymous_5)
FNDA:0,(anonymous_6)
FNDA:0,(anonymous_7)
FNDA:0,(anonymous_8)
FNDA:0,(anonymous_9)
FNDA:0,(anonymous_10)
FNDA:0,(anonymous_11)
FNDA:0,(anonymous_12)
FNDA:0,(anonymous_13)
FNDA:0,(anonymous_14)
FNDA:0,(anonymous_15)
FNDA:0,(anonymous_16)
FNDA:0,(anonymous_17)
FNDA:0,(anonymous_18)
FNDA:0,(anonymous_19)
FNDA:0,(anonymous_20)
FNDA:0,(anonymous_21)
FNDA:0,(anonymous_22)
FNDA:0,(anonymous_23)
FNDA:0,(anonymous_24)
DA:1,0
DA:3,0
DA:4,0
DA:5,0
DA:6,0
DA:9,0
DA:10,0
DA:11,0
DA:12,0
DA:13,0
DA:14,0
DA:15,0
DA:16,0
DA:17,0
DA:18,0
DA:19,0
DA:20,0
DA:21,0
DA:22,0
DA:23,0
DA:24,0
DA:25,0
DA:31,0
DA:32,0
DA:33,0
DA:34,0
DA:35,0
LF:27
LH:0
BRDA:12,0,0,0
BRDA:12,0,1,0
BRDA:13,1,0,0
BRDA:13,1,1,0
BRDA:31,2,0,0
BRDA:31,2,1,0
BRDA:32,3,0,0
BRDA:32,3,1,0
BRDA:34,4,0,0
BRDA:34,4,1,0
BRDA:35,5,0,0
BRDA:35,5,1,0
BRF:12
BRH:0
end_of_record
